{"details":null,"level":"warn","message":"Error response: Password must be at least 8 characters long and include lowercase, uppercase, number, and special character","status":400,"timestamp":"2025-05-01T07:07:53.065Z"}
{"details":null,"level":"warn","message":"Error response: User with this email already exists","status":400,"timestamp":"2025-05-01T07:08:30.910Z"}
{"email":"ishmartshanker@gmail.com","level":"info","message":"User registered successfully","timestamp":"2025-05-01T07:09:07.649Z","userId":"68131e1207af9fb1b048a138"}
{"email":"ishmartshanker@gmail.com","level":"info","message":"User logged in successfully","timestamp":"2025-05-01T07:09:36.204Z","userId":"68131e1207af9fb1b048a138"}
{"email":"dhruvermafz@rocklime.in","level":"info","message":"User logged in successfully","timestamp":"2025-05-01T18:11:26.167Z","userId":"6813a1b5031afd84f79deb86"}
{"email":"dhruvermafz@rocklime.in","level":"info","message":"User logged in successfully","timestamp":"2025-05-01T18:11:37.261Z","userId":"6813a1b5031afd84f79deb86"}
{"email":"dhruvermafz@rocklime.in","level":"info","message":"User logged in successfully","timestamp":"2025-05-01T18:19:33.134Z","userId":"6813a1b5031afd84f79deb86"}
{"email":"dhruvermafz@rocklime.in","level":"info","message":"User logged in successfully","timestamp":"2025-05-01T18:22:02.173Z","userId":"6813a1b5031afd84f79deb86"}
{"email":"dhruvermafz@rocklime.in","level":"info","message":"User logged in successfully","timestamp":"2025-05-01T18:26:37.629Z","userId":"6813a1b5031afd84f79deb86"}
{"email":"dhruvermafz@rocklime.in","level":"info","message":"User logged in successfully","timestamp":"2025-05-01T18:28:43.900Z","userId":"6813a1b5031afd84f79deb86"}
{"email":"ishmartshanker@gmail.com","level":"info","message":"User logged in successfully","timestamp":"2025-05-02T05:40:10.767Z","userId":"68131e1207af9fb1b048a138"}
{"email":"ishmartshanker@gmail.com","level":"info","message":"User logged in successfully","timestamp":"2025-05-02T06:02:43.903Z","userId":"68131e1207af9fb1b048a138"}
{"email":"ishmartshanker@gmail.com","level":"info","message":"User logged in successfully","timestamp":"2025-05-02T06:05:23.520Z","userId":"68131e1207af9fb1b048a138"}
{"email":"ishmartshanker@gmail.com","level":"info","message":"User logged in successfully","timestamp":"2025-05-02T06:13:15.692Z","userId":"68131e1207af9fb1b048a138"}
{"details":null,"level":"warn","message":"Error response: Invalid email or password","status":401,"timestamp":"2025-05-11T08:06:18.273Z"}
{"details":null,"level":"warn","message":"Error response: Invalid email or password","status":401,"timestamp":"2025-05-11T08:06:23.574Z"}
{"details":null,"level":"warn","message":"Error response: Invalid email or password","status":401,"timestamp":"2025-05-11T08:06:33.635Z"}
{"details":null,"level":"warn","message":"Error response: Invalid email or password","status":401,"timestamp":"2025-05-11T08:06:39.631Z"}
{"details":null,"level":"warn","message":"Error response: Password must be at least 8 characters long and include lowercase, uppercase, number, and special character","status":400,"timestamp":"2025-05-11T08:06:57.259Z"}
{"details":null,"level":"warn","message":"Error response: User with this email already exists","status":400,"timestamp":"2025-05-11T08:08:22.670Z"}
{"details":null,"level":"warn","message":"Error response: User with this email already exists","status":400,"timestamp":"2025-05-11T08:08:36.288Z"}
{"details":null,"level":"warn","message":"Error response: Invalid email or password","status":401,"timestamp":"2025-05-11T08:09:30.063Z"}
{"email":"ishmartshanker@gmail.com","level":"info","message":"User logged in successfully","timestamp":"2025-05-11T08:10:52.241Z","userId":"68131e1207af9fb1b048a138"}
{"email":"ishmartshanker@gmail.com","level":"info","message":"User logged in successfully","timestamp":"2025-05-12T09:00:05.960Z","userId":"68131e1207af9fb1b048a138"}
{"details":null,"level":"warn","message":"Error response: Invalid email or password","status":401,"timestamp":"2025-05-12T15:39:58.076Z"}
{"email":"ishmartshanker@gmail.com","level":"info","message":"User logged in successfully","timestamp":"2025-05-12T15:40:29.310Z","userId":"68131e1207af9fb1b048a138"}
{"email":"ishmartshanker@gmail.com","level":"info","message":"User logged in successfully","timestamp":"2025-05-13T03:52:21.564Z","userId":"68131e1207af9fb1b048a138"}
{"email":"ishmartshanker@gmail.com","level":"info","message":"User logged in successfully","timestamp":"2025-05-15T04:31:01.951Z","userId":"68131e1207af9fb1b048a138"}
{"email":"ishmartshanker@gmail.com","level":"info","message":"User logged in successfully","timestamp":"2025-05-16T16:03:50.436Z","userId":"68131e1207af9fb1b048a138"}
{"email":"ishmartshanker@gmail.com","level":"info","message":"User logged in successfully","timestamp":"2025-05-17T10:45:49.732Z","userId":"68131e1207af9fb1b048a138"}
{"email":"ishmartshanker@gmail.com","level":"info","message":"User logged in successfully","timestamp":"2025-05-17T10:53:00.259Z","userId":"68131e1207af9fb1b048a138"}
{"email":"ishmartshanker@gmail.com","level":"info","message":"User logged in successfully","timestamp":"2025-05-19T03:59:20.538Z","userId":"68131e1207af9fb1b048a138"}
{"email":"ishmartshanker@gmail.com","level":"info","message":"User logged in successfully","timestamp":"2025-05-20T07:32:18.172Z","userId":"68131e1207af9fb1b048a138"}
{"email":"ishmartshanker@gmail.com","level":"info","message":"User logged in successfully","timestamp":"2025-05-20T07:36:45.161Z","userId":"68131e1207af9fb1b048a138"}
{"email":"ishmartshanker@gmail.com","level":"info","message":"User logged in successfully","timestamp":"2025-05-30T07:00:20.402Z","userId":"68131e1207af9fb1b048a138"}
{"email":"ishmartshanker@gmail.com","level":"info","message":"User logged in successfully","timestamp":"2025-06-01T08:57:20.033Z","userId":"68131e1207af9fb1b048a138"}
{"details":null,"level":"warn","message":"Error response: Invalid email or password","status":401,"timestamp":"2025-06-01T12:37:54.397Z"}
{"email":"ishmartshanker@gmail.com","level":"info","message":"User logged in successfully","timestamp":"2025-06-02T06:42:35.594Z","userId":"68131e1207af9fb1b048a138"}
{"email":"ishmartshanker@gmail.com","level":"info","message":"User logged in successfully","timestamp":"2025-06-02T07:58:28.439Z","userId":"68131e1207af9fb1b048a138"}
{"details":null,"level":"warn","message":"Error response: User with this email already exists","status":400,"timestamp":"2025-06-02T09:50:04.400Z"}
{"details":null,"level":"warn","message":"Error response: User with this email already exists","status":400,"timestamp":"2025-06-02T09:50:05.406Z"}
{"details":null,"level":"warn","message":"Error response: User with this email already exists","status":400,"timestamp":"2025-06-02T09:50:08.596Z"}
{"details":null,"level":"warn","message":"Error response: User with this email already exists","status":400,"timestamp":"2025-06-02T09:50:09.948Z"}
{"details":null,"level":"warn","message":"Error response: User with this email already exists","status":400,"timestamp":"2025-06-02T09:50:27.589Z"}
{"email":"madhavi@gokuldham.in","level":"info","message":"User registered successfully","timestamp":"2025-06-02T09:51:17.104Z","userId":"683d7414677bab9482345971"}
{"email":"madhavi@gokuldham.in","level":"info","message":"User logged in successfully","timestamp":"2025-06-02T09:51:32.712Z","userId":"683d7414677bab9482345971"}
{"details":null,"level":"warn","message":"Error response: User with this email already exists","status":400,"timestamp":"2025-06-03T04:03:02.568Z"}
{"details":null,"level":"warn","message":"Error response: User with this email already exists","status":400,"timestamp":"2025-06-03T04:03:05.581Z"}
{"details":null,"level":"warn","message":"Error response: User with this email already exists","status":400,"timestamp":"2025-06-03T04:06:33.376Z"}
{"details":null,"level":"warn","message":"Error response: User with this email already exists","status":400,"timestamp":"2025-06-03T04:07:10.924Z"}
{"email":"sodhi@gokuldham.in","level":"info","message":"User registered successfully","timestamp":"2025-06-03T04:10:29.795Z","userId":"683e75b5a48b599f71ad4009"}
{"email":"sodhi@gokuldham.in","level":"info","message":"User logged in successfully","timestamp":"2025-06-03T04:10:43.544Z","userId":"683e75b5a48b599f71ad4009"}
{"email":"sodhi@gokuldham.in","level":"info","message":"User logged in successfully","timestamp":"2025-06-03T06:58:00.418Z","userId":"683e75b5a48b599f71ad4009"}
{"email":"ishmartshanker@gmail.com","level":"info","message":"User logged in successfully","timestamp":"2025-06-03T09:50:43.551Z","userId":"68131e1207af9fb1b048a138"}
{"details":null,"level":"warn","message":"Error response: Invalid email or password","status":401,"timestamp":"2025-06-04T05:12:35.378Z"}
{"details":null,"level":"warn","message":"Error response: Invalid email or password","status":401,"timestamp":"2025-06-04T05:12:38.087Z"}
{"email":"ishmartshanker@gmail.com","level":"info","message":"User logged in successfully","timestamp":"2025-06-04T05:12:52.963Z","userId":"68131e1207af9fb1b048a138"}
{"email":"ishmartshanker@gmail.com","level":"info","message":"User logged in successfully","timestamp":"2025-06-05T04:54:51.341Z","userId":"68131e1207af9fb1b048a138"}
{"email":"ishmartshanker@gmail.com","level":"info","message":"User logged in successfully","timestamp":"2025-06-06T12:20:17.638Z","userId":"68131e1207af9fb1b048a138"}
{"email":"ishmartshanker@gmail.com","level":"info","message":"User logged in successfully","timestamp":"2025-06-10T04:19:07.850Z","userId":"68131e1207af9fb1b048a138"}
{"email":"ishmartshanker@gmail.com","level":"info","message":"User logged in successfully","timestamp":"2025-06-13T06:56:17.189Z","userId":"68131e1207af9fb1b048a138"}
{"email":"ishmartshanker@gmail.com","level":"info","message":"User logged in successfully","timestamp":"2025-06-14T10:09:17.599Z","userId":"68131e1207af9fb1b048a138"}
{"details":null,"level":"warn","message":"Error response: Invalid email or password","status":401,"timestamp":"2025-06-17T10:59:27.032Z"}
{"details":null,"level":"warn","message":"Error response: Invalid email or password","status":401,"timestamp":"2025-06-17T10:59:29.912Z"}
{"email":"ishmartshanker@gmail.com","level":"info","message":"User logged in successfully","timestamp":"2025-06-20T06:34:21.692Z","userId":"68131e1207af9fb1b048a138"}
{"details":null,"level":"warn","message":"Error response: Invalid email or password","status":401,"timestamp":"2025-06-30T09:21:58.666Z"}
{"details":null,"level":"warn","message":"Error response: Invalid email or password","status":401,"timestamp":"2025-06-30T09:22:05.196Z"}
{"email":"ishmartshanker@gmail.com","level":"info","message":"User logged in successfully","timestamp":"2025-06-30T09:22:09.615Z","userId":"68131e1207af9fb1b048a138"}
{"email":"ishmartshanker@gmail.com","level":"info","message":"User logged in successfully","timestamp":"2025-08-03T10:33:09.676Z","userId":"68131e1207af9fb1b048a138"}
{"email":"ishmartshanker@gmail.com","level":"info","message":"User logged in successfully","timestamp":"2025-08-10T14:31:35.019Z","userId":"68131e1207af9fb1b048a138"}
{"email":"ishmartshanker@gmail.com","level":"info","message":"User logged in successfully","timestamp":"2025-08-15T07:05:25.210Z","userId":"68131e1207af9fb1b048a138"}
{"email":"ishmartshanker@gmail.com","level":"info","message":"User logged in successfully","timestamp":"2025-08-15T11:08:25.290Z","userId":"68131e1207af9fb1b048a138"}
{"email":"ishmartshanker@gmail.com","level":"info","message":"User logged in successfully","timestamp":"2025-08-15T11:11:18.729Z","userId":"68131e1207af9fb1b048a138"}
{"body":{"email":"nandmurlibalakrishn@gmail.com","password":"1234567"},"error":"getaddrinfo ENOTFOUND ac-slxncwf-shard-00-00.vphyde3.mongodb.net","level":"error","message":"Login error","stack":"MongoServerSelectionError: getaddrinfo ENOTFOUND ac-slxncwf-shard-00-00.vphyde3.mongodb.net\n    at Topology.selectServer (E:\\silverscreen\\backend\\node_modules\\mongodb\\lib\\sdam\\topology.js:321:38)\n    at async tryOperation (E:\\silverscreen\\backend\\node_modules\\mongodb\\lib\\operations\\execute_operation.js:145:18)\n    at async executeOperation (E:\\silverscreen\\backend\\node_modules\\mongodb\\lib\\operations\\execute_operation.js:75:16)\n    at async FindCursor._initialize (E:\\silverscreen\\backend\\node_modules\\mongodb\\lib\\cursor\\find_cursor.js:61:26)\n    at async FindCursor.cursorInit (E:\\silverscreen\\backend\\node_modules\\mongodb\\lib\\cursor\\abstract_cursor.js:633:27)\n    at async FindCursor.fetchBatch (E:\\silverscreen\\backend\\node_modules\\mongodb\\lib\\cursor\\abstract_cursor.js:667:13)\n    at async FindCursor.next (E:\\silverscreen\\backend\\node_modules\\mongodb\\lib\\cursor\\abstract_cursor.js:347:17)\n    at async Collection.findOne (E:\\silverscreen\\backend\\node_modules\\mongodb\\lib\\collection.js:277:21)\n    at async model.Query._findOne (E:\\silverscreen\\backend\\node_modules\\mongoose\\lib\\query.js:2661:15)\n    at async model.Query.exec (E:\\silverscreen\\backend\\node_modules\\mongoose\\lib\\query.js:4456:63)","timestamp":"2025-08-16T15:47:50.837Z"}
{"details":null,"level":"warn","message":"Error response: Server error during login","status":500,"timestamp":"2025-08-16T15:47:50.842Z"}
{"details":null,"level":"warn","message":"Error response: Invalid email or password","status":401,"timestamp":"2025-08-16T15:48:03.112Z"}
{"email":"ishmartshanker@gmail.com","level":"info","message":"User logged in successfully","timestamp":"2025-08-16T15:48:11.861Z","userId":"68131e1207af9fb1b048a138"}
{"email":"ishmartshanker@gmail.com","level":"info","message":"User logged in successfully","timestamp":"2025-08-16T16:20:32.060Z","userId":"68131e1207af9fb1b048a138"}
{"email":"ishmartshanker@gmail.com","level":"info","message":"User logged in successfully","timestamp":"2025-08-19T16:17:38.015Z","userId":"68131e1207af9fb1b048a138"}
{"email":"ishmartshanker@gmail.com","level":"info","message":"User logged in successfully","timestamp":"2025-08-20T13:33:02.063Z","userId":"68131e1207af9fb1b048a138"}
{"body":{"email":"ishmartshanker@gmail.com","password":"the@Nerdyguy2002"},"error":"Socket 'secureConnect' timed out after 10010ms (connectTimeoutMS: 10000)","level":"error","message":"Login error","stack":"MongoServerSelectionError: Socket 'secureConnect' timed out after 10010ms (connectTimeoutMS: 10000)\n    at Topology.selectServer (E:\\silverscreen\\backend\\node_modules\\mongodb\\lib\\sdam\\topology.js:321:38)\n    at runNextTicks (node:internal/process/task_queues:65:5)\n    at listOnTimeout (node:internal/timers:555:9)\n    at process.processTimers (node:internal/timers:529:7)\n    at async tryOperation (E:\\silverscreen\\backend\\node_modules\\mongodb\\lib\\operations\\execute_operation.js:145:18)\n    at async executeOperation (E:\\silverscreen\\backend\\node_modules\\mongodb\\lib\\operations\\execute_operation.js:75:16)\n    at async FindCursor._initialize (E:\\silverscreen\\backend\\node_modules\\mongodb\\lib\\cursor\\find_cursor.js:61:26)\n    at async FindCursor.cursorInit (E:\\silverscreen\\backend\\node_modules\\mongodb\\lib\\cursor\\abstract_cursor.js:633:27)\n    at async FindCursor.fetchBatch (E:\\silverscreen\\backend\\node_modules\\mongodb\\lib\\cursor\\abstract_cursor.js:667:13)\n    at async FindCursor.next (E:\\silverscreen\\backend\\node_modules\\mongodb\\lib\\cursor\\abstract_cursor.js:347:17)","timestamp":"2025-08-20T14:25:57.181Z"}
{"details":null,"level":"warn","message":"Error response: Server error during login","status":500,"timestamp":"2025-08-20T14:25:57.185Z"}
{"email":"ishmartshanker@gmail.com","level":"info","message":"User logged in successfully","timestamp":"2025-08-21T09:39:50.074Z","userId":"68131e1207af9fb1b048a138"}
{"email":"ishmartshanker@gmail.com","level":"info","message":"User logged in successfully","timestamp":"2025-08-24T05:22:42.337Z","userId":"68131e1207af9fb1b048a138"}
